<?xml version="1.0" encoding="UTF-8"?>
<!-- Generated by org.testng.reporters.JUnitReportReporter -->
<testsuite hostname="HP" name="com.selenium.Libraries.Selendrioddriver" tests="2" failures="2" timestamp="14 Jun 2014 14:01:33 GMT" time="27.529" errors="0">
  <testcase name="launchFlip" time="0.000" classname="com.selenium.Libraries.Selendrioddriver"/>
  <testcase name="startSelendroidServer" time="27.529" classname="com.selenium.Libraries.Selendrioddriver">
    <failure type="java.lang.RuntimeException" message="io.selendroid.exceptions.ShellCommandException: An error occured while executing shell command: C:\Program Files\Java\jdk1.7.0_45\bin\jarsigner.exe -sigalg MD5withRSA -digestalg SHA1 -signedjar C:\Users\VINIT\AppData\Local\Temp\resigned-android-driver178967837647764394.apk -storepass android -keystore C:\Users\VINIT\.android\debug.keystore C:\Users\VINIT\AppData\Local\Temp\android-driver178967837647764394.apk androiddebugkey">
      <![CDATA[java.lang.RuntimeException: io.selendroid.exceptions.ShellCommandException: An error occured while executing shell command: C:\Program Files\Java\jdk1.7.0_45\bin\jarsigner.exe -sigalg MD5withRSA -digestalg SHA1 -signedjar C:\Users\VINIT\AppData\Local\Temp\resigned-android-driver178967837647764394.apk -storepass android -keystore C:\Users\VINIT\.android\debug.keystore C:\Users\VINIT\AppData\Local\Temp\android-driver178967837647764394.apk androiddebugkey
	at io.selendroid.server.model.SelendroidStandaloneDriver.initApplicationsUnderTest(SelendroidStandaloneDriver.java:144)
	at io.selendroid.server.model.SelendroidStandaloneDriver.<init>(SelendroidStandaloneDriver.java:82)
	at io.selendroid.server.SelendroidStandaloneServer.initializeSelendroidServer(SelendroidStandaloneServer.java:91)
	at io.selendroid.server.SelendroidStandaloneServer.<init>(SelendroidStandaloneServer.java:65)
	at io.selendroid.SelendroidLauncher.lauchServer(SelendroidLauncher.java:67)
	at io.selendroid.SelendroidLauncher.lauchSelendroid(SelendroidLauncher.java:90)
	at com.selenium.Libraries.Selendrioddriver.startSelendroidServer(Selendrioddriver.java:48)
	at sun.reflect.NativeMethodAccessorImpl.invoke0(Native Method)
	at sun.reflect.NativeMethodAccessorImpl.invoke(Unknown Source)
	at sun.reflect.DelegatingMethodAccessorImpl.invoke(Unknown Source)
	at java.lang.reflect.Method.invoke(Unknown Source)
	at org.testng.internal.MethodInvocationHelper.invokeMethod(MethodInvocationHelper.java:80)
	at org.testng.internal.Invoker.invokeMethod(Invoker.java:691)
	at org.testng.internal.Invoker.invokeTestMethod(Invoker.java:883)
	at org.testng.internal.Invoker.invokeTestMethods(Invoker.java:1208)
	at org.testng.internal.TestMethodWorker.invokeTestMethods(TestMethodWorker.java:127)
	at org.testng.internal.TestMethodWorker.run(TestMethodWorker.java:111)
	at org.testng.TestRunner.privateRun(TestRunner.java:758)
	at org.testng.TestRunner.run(TestRunner.java:613)
	at org.testng.SuiteRunner.runTest(SuiteRunner.java:334)
	at org.testng.SuiteRunner.runSequentially(SuiteRunner.java:329)
	at org.testng.SuiteRunner.privateRun(SuiteRunner.java:291)
	at org.testng.SuiteRunner.run(SuiteRunner.java:240)
	at org.testng.SuiteRunnerWorker.runSuite(SuiteRunnerWorker.java:53)
	at org.testng.SuiteRunnerWorker.run(SuiteRunnerWorker.java:87)
	at org.testng.TestNG.runSuitesSequentially(TestNG.java:1137)
	at org.testng.TestNG.runSuitesLocally(TestNG.java:1062)
	at org.testng.TestNG.run(TestNG.java:974)
	at org.apache.maven.surefire.testng.TestNGExecutor.run(TestNGExecutor.java:178)
	at org.apache.maven.surefire.testng.TestNGXmlTestSuite.execute(TestNGXmlTestSuite.java:92)
	at org.apache.maven.surefire.testng.TestNGProvider.invoke(TestNGProvider.java:96)
	at sun.reflect.NativeMethodAccessorImpl.invoke0(Native Method)
	at sun.reflect.NativeMethodAccessorImpl.invoke(Unknown Source)
	at sun.reflect.DelegatingMethodAccessorImpl.invoke(Unknown Source)
	at java.lang.reflect.Method.invoke(Unknown Source)
	at org.apache.maven.surefire.util.ReflectionUtils.invokeMethodWithArray2(ReflectionUtils.java:208)
	at org.apache.maven.surefire.booter.ProviderFactory$ProviderProxy.invoke(ProviderFactory.java:159)
	at org.apache.maven.surefire.booter.ProviderFactory.invokeProvider(ProviderFactory.java:87)
	at org.apache.maven.surefire.booter.ForkedBooter.runSuitesInProcess(ForkedBooter.java:153)
	at org.apache.maven.surefire.booter.ForkedBooter.main(ForkedBooter.java:95)
Caused by: io.selendroid.exceptions.ShellCommandException: An error occured while executing shell command: C:\Program Files\Java\jdk1.7.0_45\bin\jarsigner.exe -sigalg MD5withRSA -digestalg SHA1 -signedjar C:\Users\VINIT\AppData\Local\Temp\resigned-android-driver178967837647764394.apk -storepass android -keystore C:\Users\VINIT\.android\debug.keystore C:\Users\VINIT\AppData\Local\Temp\android-driver178967837647764394.apk androiddebugkey
	at io.selendroid.io.ShellCommand.exec(ShellCommand.java:53)
	at io.selendroid.builder.SelendroidServerBuilder.signTestServer(SelendroidServerBuilder.java:274)
	at io.selendroid.builder.SelendroidServerBuilder.resignApp(SelendroidServerBuilder.java:134)
	at io.selendroid.server.model.SelendroidStandaloneDriver.initApplicationsUnderTest(SelendroidStandaloneDriver.java:140)
	... 39 more
Caused by: io.selendroid.exceptions.ShellCommandException: 
	... 43 more
]]>
    </failure>
  </testcase>
</testsuite>
