<!DOCTYPE html PUBLIC "-//W3C//DTD XHTML 1.1//EN" "http://www.w3.org/TR/xhtml11/DTD/xhtml11.dtd">
<html xmlns="http://www.w3.org/1999/xhtml"><head><title>TestNG Report</title><style type="text/css">table {margin-bottom:10px;border-collapse:collapse;empty-cells:show}th,td {border:1px solid #009;padding:.25em .5em}th {vertical-align:bottom}td {vertical-align:top}table a {font-weight:bold}.stripe td {background-color: #E6EBF9}.num {text-align:right}.passedodd td {background-color: #3F3}.passedeven td {background-color: #0A0}.skippedodd td {background-color: #DDD}.skippedeven td {background-color: #CCC}.failedodd td,.attn {background-color: #F33}.failedeven td,.stripe .attn {background-color: #D00}.stacktrace {white-space:pre;font-family:monospace}.totop {font-size:85%;text-align:center;border-bottom:2px solid #000}</style></head><body><table><tr><th>Test</th><th># Passed</th><th># Skipped</th><th># Failed</th><th>Time (ms)</th><th>Included Groups</th><th>Excluded Groups</th></tr><tr><th colspan="7">Suite1</th></tr><tr><td><a href="#t0">creatingtestdata</a></td><td class="num">2</td><td class="num">0</td><td class="num attn">1</td><td class="num">264,099</td><td></td><td></td></tr><tr class="stripe"><td><a href="#t1">demo1</a></td><td class="num">2</td><td class="num">0</td><td class="num">0</td><td class="num">49,940</td><td></td><td></td></tr><tr><td><a href="#t2">demo2</a></td><td class="num">13</td><td class="num">0</td><td class="num attn">1</td><td class="num">519,235</td><td></td><td></td></tr><tr><th>Total</th><th class="num">17</th><th class="num">0</th><th class="num attn">2</th><th class="num">833,274</th><th colspan="2"></th></tr></table><table><thead><tr><th>Class</th><th>Method</th><th>Start</th><th>Time (ms)</th></tr></thead><tbody><tr><th colspan="4">Suite1</th></tr></tbody><tbody id="t0"><tr><th colspan="4">creatingtestdata &#8212; failed</th></tr><tr class="failedeven"><td rowspan="1">com.selenium.TestData.DateFunction</td><td><a href="#m0">dateit</a></td><td rowspan="1">1404053478183</td><td rowspan="1">0</td></tr><tr><th colspan="4">creatingtestdata &#8212; passed</th></tr><tr class="passedeven"><td rowspan="2">com.selenium.TestData.CreateDataExcel</td><td><a href="#m1">testCF_Add_New_Class_Manually</a></td><td rowspan="1">1404053353566</td><td rowspan="1">124613</td></tr><tr class="passedeven"><td><a href="#m2">testCF_Add_New_Student_Manually</a></td><td rowspan="1">1404053214137</td><td rowspan="1">139421</td></tr></tbody><tbody id="t1"><tr><th colspan="4">demo1 &#8212; passed</th></tr><tr class="passedeven"><td rowspan="2">com.selenium.Libraries.Selendrioddriver</td><td><a href="#m3">launchFlip</a></td><td rowspan="1">1404053492269</td><td rowspan="1">35922</td></tr><tr class="passedeven"><td><a href="#m4">startSelendroidServer</a></td><td rowspan="1">1404053478254</td><td rowspan="1">14013</td></tr></tbody><tbody id="t2"><tr><th colspan="4">demo2 &#8212; failed</th></tr><tr class="failedeven"><td rowspan="1">com.selenium.TestMethods.FutureClass</td><td><a href="#m5">FutureClass1</a></td><td rowspan="1">1404054041364</td><td rowspan="1">10</td></tr><tr><th colspan="4">demo2 &#8212; passed</th></tr><tr class="passedeven"><td rowspan="1">com.selenium.TestMethods.AddFunction</td><td><a href="#m6">calladd</a></td><td rowspan="1">1404053677634</td><td rowspan="1">85481</td></tr><tr class="passedodd"><td rowspan="1">com.selenium.TestMethods.DropFunction</td><td><a href="#m7">dropStudent</a></td><td rowspan="1">1404053844823</td><td rowspan="1">20237</td></tr><tr class="passedeven"><td rowspan="1">com.selenium.TestMethods.FutureClass</td><td><a href="#m8">futureClass2</a></td><td rowspan="1">1404054041376</td><td rowspan="1">6066</td></tr><tr class="passedodd"><td rowspan="3">com.selenium.TestMethods.GradingFunction</td><td><a href="#m9">gradeStudentAttended1</a></td><td rowspan="1">1404053763116</td><td rowspan="1">17858</td></tr><tr class="passedodd"><td><a href="#m10">gradeStudentAttended2</a></td><td rowspan="1">1404053780976</td><td rowspan="1">17600</td></tr><tr class="passedodd"><td><a href="#m11">gradeStudentAttended3</a></td><td rowspan="1">1404053798577</td><td rowspan="1">5896</td></tr><tr class="passedeven"><td rowspan="1">com.selenium.TestMethods.LoginMethods</td><td><a href="#m12">validate_first_time_successfullLogin</a></td><td rowspan="1">1404053528216</td><td rowspan="1">35214</td></tr><tr class="passedodd"><td rowspan="2">com.selenium.TestMethods.PastClass</td><td><a href="#m13">hiddenClass1</a></td><td rowspan="1">1404053865061</td><td rowspan="1">158031</td></tr><tr class="passedodd"><td><a href="#m14">hiddenClass2</a></td><td rowspan="1">1404054023094</td><td rowspan="1">18269</td></tr><tr class="passedeven"><td rowspan="1">com.selenium.TestMethods.SelectAffiliation</td><td><a href="#m15">selectAffiliation</a></td><td rowspan="1">1404053563432</td><td rowspan="1">37877</td></tr><tr class="passedodd"><td rowspan="1">com.selenium.TestMethods.SelectClass</td><td><a href="#m16">selectClass</a></td><td rowspan="1">1404053601311</td><td rowspan="1">76321</td></tr><tr class="passedeven"><td rowspan="2">com.selenium.TestMethods.WaitListFunction</td><td><a href="#m17">addToWaitList1</a></td><td rowspan="1">1404053804475</td><td rowspan="1">24670</td></tr><tr class="passedeven"><td><a href="#m18">addToWaitList2</a></td><td rowspan="1">1404053829147</td><td rowspan="1">15674</td></tr></tbody></table><h2>creatingtestdata</h2><h3 id="m0">com.selenium.TestData.DateFunction#dateit</h3><table class="result"><tr><th>Exception</th></tr><tr><td><div class="stacktrace">org.testng.TestNGException: 
Method dateit requires 1 parameters but 0 were supplied in the @Test annotation.
... Removed 23 stack frames</div></td></tr></table><p class="totop"><a href="#summary">back to summary</a></p><h3 id="m1">com.selenium.TestData.CreateDataExcel#testCF_Add_New_Class_Manually</h3><table class="result"></table><p class="totop"><a href="#summary">back to summary</a></p><h3 id="m2">com.selenium.TestData.CreateDataExcel#testCF_Add_New_Student_Manually</h3><table class="result"></table><p class="totop"><a href="#summary">back to summary</a></p><h2>demo1</h2><h3 id="m3">com.selenium.Libraries.Selendrioddriver#launchFlip</h3><table class="result"></table><p class="totop"><a href="#summary">back to summary</a></p><h3 id="m4">com.selenium.Libraries.Selendrioddriver#startSelendroidServer</h3><table class="result"></table><p class="totop"><a href="#summary">back to summary</a></p><h2>demo2</h2><h3 id="m5">com.selenium.TestMethods.FutureClass#FutureClass1</h3><table class="result"><tr><th>Exception</th></tr><tr><td><div class="stacktrace">java.lang.IndexOutOfBoundsException: Index: 3, Size: 0
	at java.util.ArrayList.rangeCheck(Unknown Source)
	at java.util.ArrayList.get(Unknown Source)
	at com.selenium.TestMethods.FutureClass.FutureClass1(FutureClass.java:30)
... Removed 24 stack frames</div></td></tr></table><p class="totop"><a href="#summary">back to summary</a></p><h3 id="m6">com.selenium.TestMethods.AddFunction#calladd</h3><table class="result"></table><p class="totop"><a href="#summary">back to summary</a></p><h3 id="m7">com.selenium.TestMethods.DropFunction#dropStudent</h3><table class="result"></table><p class="totop"><a href="#summary">back to summary</a></p><h3 id="m8">com.selenium.TestMethods.FutureClass#futureClass2</h3><table class="result"></table><p class="totop"><a href="#summary">back to summary</a></p><h3 id="m9">com.selenium.TestMethods.GradingFunction#gradeStudentAttended1</h3><table class="result"></table><p class="totop"><a href="#summary">back to summary</a></p><h3 id="m10">com.selenium.TestMethods.GradingFunction#gradeStudentAttended2</h3><table class="result"></table><p class="totop"><a href="#summary">back to summary</a></p><h3 id="m11">com.selenium.TestMethods.GradingFunction#gradeStudentAttended3</h3><table class="result"></table><p class="totop"><a href="#summary">back to summary</a></p><h3 id="m12">com.selenium.TestMethods.LoginMethods#validate_first_time_successfullLogin</h3><table class="result"></table><p class="totop"><a href="#summary">back to summary</a></p><h3 id="m13">com.selenium.TestMethods.PastClass#hiddenClass1</h3><table class="result"></table><p class="totop"><a href="#summary">back to summary</a></p><h3 id="m14">com.selenium.TestMethods.PastClass#hiddenClass2</h3><table class="result"></table><p class="totop"><a href="#summary">back to summary</a></p><h3 id="m15">com.selenium.TestMethods.SelectAffiliation#selectAffiliation</h3><table class="result"></table><p class="totop"><a href="#summary">back to summary</a></p><h3 id="m16">com.selenium.TestMethods.SelectClass#selectClass</h3><table class="result"></table><p class="totop"><a href="#summary">back to summary</a></p><h3 id="m17">com.selenium.TestMethods.WaitListFunction#addToWaitList1</h3><table class="result"></table><p class="totop"><a href="#summary">back to summary</a></p><h3 id="m18">com.selenium.TestMethods.WaitListFunction#addToWaitList2</h3><table class="result"></table><p class="totop"><a href="#summary">back to summary</a></p></body></html>