<?xml version="1.0" encoding="UTF-8"?>
<!-- Generated by org.testng.reporters.JUnitXMLReporter -->
<testsuite hostname="HP" name="demo1" tests="2" failures="1" timestamp="14 Jun 2014 14:01:32 GMT" time="27.529" errors="0">
  <testcase name="startSelendroidServer" time="27.529" classname="com.selenium.Libraries.Selendrioddriver">
    <failure type="java.lang.RuntimeException" message="io.selendroid.exceptions.ShellCommandException: An error occured while executing shell command: C:\Program Files\Java\jdk1.7.0_45\bin\jarsigner.exe -sigalg MD5withRSA -digestalg SHA1 -signedjar C:\Users\VINIT\AppData\Local\Temp\resigned-android-driver178967837647764394.apk -storepass android -keystore C:\Users\VINIT\.android\debug.keystore C:\Users\VINIT\AppData\Local\Temp\android-driver178967837647764394.apk androiddebugkey">
      <![CDATA[java.lang.RuntimeException: io.selendroid.exceptions.ShellCommandException: An error occured while executing shell command: C:\Program Files\Java\jdk1.7.0_45\bin\jarsigner.exe -sigalg MD5withRSA -digestalg SHA1 -signedjar C:\Users\VINIT\AppData\Local\Temp\resigned-android-driver178967837647764394.apk -storepass android -keystore C:\Users\VINIT\.android\debug.keystore C:\Users\VINIT\AppData\Local\Temp\android-driver178967837647764394.apk androiddebugkey
	at io.selendroid.server.model.SelendroidStandaloneDriver.initApplicationsUnderTest(SelendroidStandaloneDriver.java:144)
	at io.selendroid.server.model.SelendroidStandaloneDriver.<init>(SelendroidStandaloneDriver.java:82)
	at io.selendroid.server.SelendroidStandaloneServer.initializeSelendroidServer(SelendroidStandaloneServer.java:91)
	at io.selendroid.server.SelendroidStandaloneServer.<init>(SelendroidStandaloneServer.java:65)
	at io.selendroid.SelendroidLauncher.lauchServer(SelendroidLauncher.java:67)
	at io.selendroid.SelendroidLauncher.lauchSelendroid(SelendroidLauncher.java:90)
	at com.selenium.Libraries.Selendrioddriver.startSelendroidServer(Selendrioddriver.java:48)
	at org.apache.maven.surefire.testng.TestNGExecutor.run(TestNGExecutor.java:178)
	at org.apache.maven.surefire.testng.TestNGXmlTestSuite.execute(TestNGXmlTestSuite.java:92)
	at org.apache.maven.surefire.testng.TestNGProvider.invoke(TestNGProvider.java:96)
	at org.apache.maven.surefire.util.ReflectionUtils.invokeMethodWithArray2(ReflectionUtils.java:208)
	at org.apache.maven.surefire.booter.ProviderFactory$ProviderProxy.invoke(ProviderFactory.java:159)
	at org.apache.maven.surefire.booter.ProviderFactory.invokeProvider(ProviderFactory.java:87)
	at org.apache.maven.surefire.booter.ForkedBooter.runSuitesInProcess(ForkedBooter.java:153)
	at org.apache.maven.surefire.booter.ForkedBooter.main(ForkedBooter.java:95)
Caused by: io.selendroid.exceptions.ShellCommandException: An error occured while executing shell command: C:\Program Files\Java\jdk1.7.0_45\bin\jarsigner.exe -sigalg MD5withRSA -digestalg SHA1 -signedjar C:\Users\VINIT\AppData\Local\Temp\resigned-android-driver178967837647764394.apk -storepass android -keystore C:\Users\VINIT\.android\debug.keystore C:\Users\VINIT\AppData\Local\Temp\android-driver178967837647764394.apk androiddebugkey
	at io.selendroid.io.ShellCommand.exec(ShellCommand.java:53)
	at io.selendroid.builder.SelendroidServerBuilder.signTestServer(SelendroidServerBuilder.java:274)
	at io.selendroid.builder.SelendroidServerBuilder.resignApp(SelendroidServerBuilder.java:134)
	at io.selendroid.server.model.SelendroidStandaloneDriver.initApplicationsUnderTest(SelendroidStandaloneDriver.java:140)
	... 39 more
Caused by: io.selendroid.exceptions.ShellCommandException: 
	... 43 more
... Removed 25 stack frames]]>
    </failure>
  </testcase>
  <testcase name="launchFlip" time="0.0" classname="com.selenium.Libraries.Selendrioddriver">
    <skipped/>
  </testcase>
</testsuite>
