<html>
<head>
<title>TestNG:  demo1</title>
<link href="../testng.css" rel="stylesheet" type="text/css" />
<link href="../my-testng.css" rel="stylesheet" type="text/css" />

<style type="text/css">
.log { display: none;} 
.stack-trace { display: none;} 
</style>
<script type="text/javascript">
<!--
function flip(e) {
  current = e.style.display;
  if (current == 'block') {
    e.style.display = 'none';
    return 0;
  }
  else {
    e.style.display = 'block';
    return 1;
  }
}

function toggleBox(szDivId, elem, msg1, msg2)
{
  var res = -1;  if (document.getElementById) {
    res = flip(document.getElementById(szDivId));
  }
  else if (document.all) {
    // this is the way old msie versions work
    res = flip(document.all[szDivId]);
  }
  if(elem) {
    if(res == 0) elem.innerHTML = msg1; else elem.innerHTML = msg2;
  }

}

function toggleAllBoxes() {
  if (document.getElementsByTagName) {
    d = document.getElementsByTagName('div');
    for (i = 0; i < d.length; i++) {
      if (d[i].className == 'log') {
        flip(d[i]);
      }
    }
  }
}

// -->
</script>

</head>
<body>
<h2 align='center'>demo1</h2><table border='1' align="center">
<tr>
<td>Tests passed/Failed/Skipped:</td><td>0/1/1</td>
</tr><tr>
<td>Started on:</td><td>Sat Jun 14 19:31:04 IST 2014</td>
</tr>
<tr><td>Total time:</td><td>27 seconds (27529 ms)</td>
</tr><tr>
<td>Included groups:</td><td></td>
</tr><tr>
<td>Excluded groups:</td><td></td>
</tr>
</table><p/>
<small><i>(Hover the method name to see the test class name)</i></small><p/>
<table width='100%' border='1' class='invocation-failed'>
<tr><td colspan='4' align='center'><b>FAILED TESTS</b></td></tr>
<tr><td><b>Test method</b></td>
<td width="30%"><b>Exception</b></td>
<td width="10%"><b>Time (seconds)</b></td>
<td><b>Instance</b></td>
</tr>
<tr>
<td title='com.selenium.Libraries.Selendrioddriver.startSelendroidServer()'><b>startSelendroidServer</b><br>Test class: com.selenium.Libraries.Selendrioddriver</td>
<td><div><pre>java.lang.RuntimeException: io.selendroid.exceptions.ShellCommandException: An error occured while executing shell command: C:\Program Files\Java\jdk1.7.0_45\bin\jarsigner.exe -sigalg MD5withRSA -digestalg SHA1 -signedjar C:\Users\VINIT\AppData\Local\Temp\resigned-android-driver178967837647764394.apk -storepass android -keystore C:\Users\VINIT\.android\debug.keystore C:\Users\VINIT\AppData\Local\Temp\android-driver178967837647764394.apk androiddebugkey
	at io.selendroid.server.model.SelendroidStandaloneDriver.initApplicationsUnderTest(SelendroidStandaloneDriver.java:144)
	at io.selendroid.server.model.SelendroidStandaloneDriver.&lt;init&gt;(SelendroidStandaloneDriver.java:82)
	at io.selendroid.server.SelendroidStandaloneServer.initializeSelendroidServer(SelendroidStandaloneServer.java:91)
	at io.selendroid.server.SelendroidStandaloneServer.&lt;init&gt;(SelendroidStandaloneServer.java:65)
	at io.selendroid.SelendroidLauncher.lauchServer(SelendroidLauncher.java:67)
	at io.selendroid.SelendroidLauncher.lauchSelendroid(SelendroidLauncher.java:90)
	at com.selenium.Libraries.Selendrioddriver.startSelendroidServer(Selendrioddriver.java:48)
	at org.apache.maven.surefire.testng.TestNGExecutor.run(TestNGExecutor.java:178)
	at org.apache.maven.surefire.testng.TestNGXmlTestSuite.execute(TestNGXmlTestSuite.java:92)
	at org.apache.maven.surefire.testng.TestNGProvider.invoke(TestNGProvider.java:96)
	at org.apache.maven.surefire.util.ReflectionUtils.invokeMethodWithArray2(ReflectionUtils.java:208)
	at org.apache.maven.surefire.booter.ProviderFactory$ProviderProxy.invoke(ProviderFactory.java:159)
	at org.apache.maven.surefire.booter.ProviderFactory.invokeProvider(ProviderFactory.java:87)
	at org.apache.maven.surefire.booter.ForkedBooter.runSuitesInProcess(ForkedBooter.java:153)
	at org.apache.maven.surefire.booter.ForkedBooter.main(ForkedBooter.java:95)
Caused by: io.selendroid.exceptions.ShellCommandException: An error occured while executing shell command: C:\Program Files\Java\jdk1.7.0_45\bin\jarsigner.exe -sigalg MD5withRSA -digestalg SHA1 -signedjar C:\Users\VINIT\AppData\Local\Temp\resigned-android-driver178967837647764394.apk -storepass android -keystore C:\Users\VINIT\.android\debug.keystore C:\Users\VINIT\AppData\Local\Temp\android-driver178967837647764394.apk androiddebugkey
	at io.selendroid.io.ShellCommand.exec(ShellCommand.java:53)
	at io.selendroid.builder.SelendroidServerBuilder.signTestServer(SelendroidServerBuilder.java:274)
	at io.selendroid.builder.SelendroidServerBuilder.resignApp(SelendroidServerBuilder.java:134)
	at io.selendroid.server.model.SelendroidStandaloneDriver.initApplicationsUnderTest(SelendroidStandaloneDriver.java:140)
	... 39 more
Caused by: io.selendroid.exceptions.ShellCommandException: 
	... 43 more
... Removed 25 stack frames</pre></div><a href='#' onClick='toggleBox("stack-trace18651678", this, "Click to show all stack frames", "Click to hide stack frames")'>Click to show all stack frames</a>
<div class='stack-trace' id='stack-trace18651678'><pre>java.lang.RuntimeException: io.selendroid.exceptions.ShellCommandException: An error occured while executing shell command: C:\Program Files\Java\jdk1.7.0_45\bin\jarsigner.exe -sigalg MD5withRSA -digestalg SHA1 -signedjar C:\Users\VINIT\AppData\Local\Temp\resigned-android-driver178967837647764394.apk -storepass android -keystore C:\Users\VINIT\.android\debug.keystore C:\Users\VINIT\AppData\Local\Temp\android-driver178967837647764394.apk androiddebugkey
	at io.selendroid.server.model.SelendroidStandaloneDriver.initApplicationsUnderTest(SelendroidStandaloneDriver.java:144)
	at io.selendroid.server.model.SelendroidStandaloneDriver.&lt;init&gt;(SelendroidStandaloneDriver.java:82)
	at io.selendroid.server.SelendroidStandaloneServer.initializeSelendroidServer(SelendroidStandaloneServer.java:91)
	at io.selendroid.server.SelendroidStandaloneServer.&lt;init&gt;(SelendroidStandaloneServer.java:65)
	at io.selendroid.SelendroidLauncher.lauchServer(SelendroidLauncher.java:67)
	at io.selendroid.SelendroidLauncher.lauchSelendroid(SelendroidLauncher.java:90)
	at com.selenium.Libraries.Selendrioddriver.startSelendroidServer(Selendrioddriver.java:48)
	at sun.reflect.NativeMethodAccessorImpl.invoke0(Native Method)
	at sun.reflect.NativeMethodAccessorImpl.invoke(Unknown Source)
	at sun.reflect.DelegatingMethodAccessorImpl.invoke(Unknown Source)
	at java.lang.reflect.Method.invoke(Unknown Source)
	at org.testng.internal.MethodInvocationHelper.invokeMethod(MethodInvocationHelper.java:80)
	at org.testng.internal.Invoker.invokeMethod(Invoker.java:691)
	at org.testng.internal.Invoker.invokeTestMethod(Invoker.java:883)
	at org.testng.internal.Invoker.invokeTestMethods(Invoker.java:1208)
	at org.testng.internal.TestMethodWorker.invokeTestMethods(TestMethodWorker.java:127)
	at org.testng.internal.TestMethodWorker.run(TestMethodWorker.java:111)
	at org.testng.TestRunner.privateRun(TestRunner.java:758)
	at org.testng.TestRunner.run(TestRunner.java:613)
	at org.testng.SuiteRunner.runTest(SuiteRunner.java:334)
	at org.testng.SuiteRunner.runSequentially(SuiteRunner.java:329)
	at org.testng.SuiteRunner.privateRun(SuiteRunner.java:291)
	at org.testng.SuiteRunner.run(SuiteRunner.java:240)
	at org.testng.SuiteRunnerWorker.runSuite(SuiteRunnerWorker.java:53)
	at org.testng.SuiteRunnerWorker.run(SuiteRunnerWorker.java:87)
	at org.testng.TestNG.runSuitesSequentially(TestNG.java:1137)
	at org.testng.TestNG.runSuitesLocally(TestNG.java:1062)
	at org.testng.TestNG.run(TestNG.java:974)
	at org.apache.maven.surefire.testng.TestNGExecutor.run(TestNGExecutor.java:178)
	at org.apache.maven.surefire.testng.TestNGXmlTestSuite.execute(TestNGXmlTestSuite.java:92)
	at org.apache.maven.surefire.testng.TestNGProvider.invoke(TestNGProvider.java:96)
	at sun.reflect.NativeMethodAccessorImpl.invoke0(Native Method)
	at sun.reflect.NativeMethodAccessorImpl.invoke(Unknown Source)
	at sun.reflect.DelegatingMethodAccessorImpl.invoke(Unknown Source)
	at java.lang.reflect.Method.invoke(Unknown Source)
	at org.apache.maven.surefire.util.ReflectionUtils.invokeMethodWithArray2(ReflectionUtils.java:208)
	at org.apache.maven.surefire.booter.ProviderFactory$ProviderProxy.invoke(ProviderFactory.java:159)
	at org.apache.maven.surefire.booter.ProviderFactory.invokeProvider(ProviderFactory.java:87)
	at org.apache.maven.surefire.booter.ForkedBooter.runSuitesInProcess(ForkedBooter.java:153)
	at org.apache.maven.surefire.booter.ForkedBooter.main(ForkedBooter.java:95)
Caused by: io.selendroid.exceptions.ShellCommandException: An error occured while executing shell command: C:\Program Files\Java\jdk1.7.0_45\bin\jarsigner.exe -sigalg MD5withRSA -digestalg SHA1 -signedjar C:\Users\VINIT\AppData\Local\Temp\resigned-android-driver178967837647764394.apk -storepass android -keystore C:\Users\VINIT\.android\debug.keystore C:\Users\VINIT\AppData\Local\Temp\android-driver178967837647764394.apk androiddebugkey
	at io.selendroid.io.ShellCommand.exec(ShellCommand.java:53)
	at io.selendroid.builder.SelendroidServerBuilder.signTestServer(SelendroidServerBuilder.java:274)
	at io.selendroid.builder.SelendroidServerBuilder.resignApp(SelendroidServerBuilder.java:134)
	at io.selendroid.server.model.SelendroidStandaloneDriver.initApplicationsUnderTest(SelendroidStandaloneDriver.java:140)
	... 39 more
Caused by: io.selendroid.exceptions.ShellCommandException: 
	... 43 more
</pre></div></td>
<td>27</td>
<td>com.selenium.Libraries.Selendrioddriver@8bda58</td></tr>
</table><p>
<table width='100%' border='1' class='invocation-skipped'>
<tr><td colspan='4' align='center'><b>SKIPPED TESTS</b></td></tr>
<tr><td><b>Test method</b></td>
<td width="30%"><b>Exception</b></td>
<td width="10%"><b>Time (seconds)</b></td>
<td><b>Instance</b></td>
</tr>
<tr>
<td title='com.selenium.Libraries.Selendrioddriver.launchFlip()'><b>launchFlip</b><br>Test class: com.selenium.Libraries.Selendrioddriver</td>
<td></td>
<td>0</td>
<td>null</td></tr>
</table><p>
</body>
</html>