<?xml version="1.0" encoding="UTF-8"?>
<!-- Generated by org.testng.reporters.JUnitXMLReporter -->
<testsuite hostname="HP" name="demo2" tests="14" failures="1" timestamp="29 Jun 2014 15:00:47 GMT" time="519.235" errors="0">
  <testcase name="validate_first_time_successfullLogin" time="35.214" classname="com.selenium.TestMethods.LoginMethods"/>
  <testcase name="selectAffiliation" time="37.877" classname="com.selenium.TestMethods.SelectAffiliation"/>
  <testcase name="selectClass" time="76.321" classname="com.selenium.TestMethods.SelectClass"/>
  <testcase name="calladd" time="85.481" classname="com.selenium.TestMethods.AddFunction"/>
  <testcase name="gradeStudentAttended1" time="17.858" classname="com.selenium.TestMethods.GradingFunction"/>
  <testcase name="gradeStudentAttended2" time="17.6" classname="com.selenium.TestMethods.GradingFunction"/>
  <testcase name="gradeStudentAttended3" time="5.896" classname="com.selenium.TestMethods.GradingFunction"/>
  <testcase name="addToWaitList1" time="24.67" classname="com.selenium.TestMethods.WaitListFunction"/>
  <testcase name="addToWaitList2" time="15.674" classname="com.selenium.TestMethods.WaitListFunction"/>
  <testcase name="dropStudent" time="20.237" classname="com.selenium.TestMethods.DropFunction"/>
  <testcase name="hiddenClass1" time="158.031" classname="com.selenium.TestMethods.PastClass"/>
  <testcase name="hiddenClass2" time="18.269" classname="com.selenium.TestMethods.PastClass"/>
  <testcase name="FutureClass1" time="0.01" classname="com.selenium.TestMethods.FutureClass">
    <failure type="java.lang.IndexOutOfBoundsException" message="Index: 3, Size: 0">
      <![CDATA[java.lang.IndexOutOfBoundsException: Index: 3, Size: 0
	at java.util.ArrayList.rangeCheck(Unknown Source)
	at java.util.ArrayList.get(Unknown Source)
	at com.selenium.TestMethods.FutureClass.FutureClass1(FutureClass.java:30)
... Removed 24 stack frames]]>
    </failure>
  </testcase> <!-- FutureClass1 -->
  <testcase name="futureClass2" time="6.066" classname="com.selenium.TestMethods.FutureClass"/>
</testsuite> <!-- demo2 -->
