<html>
<head>
<title>TestNG:  demo2</title>
<link href="../testng.css" rel="stylesheet" type="text/css" />
<link href="../my-testng.css" rel="stylesheet" type="text/css" />

<style type="text/css">
.log { display: none;} 
.stack-trace { display: none;} 
</style>
<script type="text/javascript">
<!--
function flip(e) {
  current = e.style.display;
  if (current == 'block') {
    e.style.display = 'none';
    return 0;
  }
  else {
    e.style.display = 'block';
    return 1;
  }
}

function toggleBox(szDivId, elem, msg1, msg2)
{
  var res = -1;  if (document.getElementById) {
    res = flip(document.getElementById(szDivId));
  }
  else if (document.all) {
    // this is the way old msie versions work
    res = flip(document.all[szDivId]);
  }
  if(elem) {
    if(res == 0) elem.innerHTML = msg1; else elem.innerHTML = msg2;
  }

}

function toggleAllBoxes() {
  if (document.getElementsByTagName) {
    d = document.getElementsByTagName('div');
    for (i = 0; i < d.length; i++) {
      if (d[i].className == 'log') {
        flip(d[i]);
      }
    }
  }
}

// -->
</script>

</head>
<body>
<h2 align='center'>demo2</h2><table border='1' align="center">
<tr>
<td>Tests passed/Failed/Skipped:</td><td>13/1/0</td>
</tr><tr>
<td>Started on:</td><td>Sun Jun 29 20:22:08 IST 2014</td>
</tr>
<tr><td>Total time:</td><td>519 seconds (519235 ms)</td>
</tr><tr>
<td>Included groups:</td><td></td>
</tr><tr>
<td>Excluded groups:</td><td></td>
</tr>
</table><p/>
<small><i>(Hover the method name to see the test class name)</i></small><p/>
<table width='100%' border='1' class='invocation-failed'>
<tr><td colspan='4' align='center'><b>FAILED TESTS</b></td></tr>
<tr><td><b>Test method</b></td>
<td width="30%"><b>Exception</b></td>
<td width="10%"><b>Time (seconds)</b></td>
<td><b>Instance</b></td>
</tr>
<tr>
<td title='com.selenium.TestMethods.FutureClass.FutureClass1()'><b>FutureClass1</b><br>Test class: com.selenium.TestMethods.FutureClass</td>
<td><div><pre>java.lang.IndexOutOfBoundsException: Index: 3, Size: 0
	at java.util.ArrayList.rangeCheck(Unknown Source)
	at java.util.ArrayList.get(Unknown Source)
	at com.selenium.TestMethods.FutureClass.FutureClass1(FutureClass.java:30)
... Removed 24 stack frames</pre></div><a href='#' onClick='toggleBox("stack-trace513215", this, "Click to show all stack frames", "Click to hide stack frames")'>Click to show all stack frames</a>
<div class='stack-trace' id='stack-trace513215'><pre>java.lang.IndexOutOfBoundsException: Index: 3, Size: 0
	at java.util.ArrayList.rangeCheck(Unknown Source)
	at java.util.ArrayList.get(Unknown Source)
	at com.selenium.TestMethods.FutureClass.FutureClass1(FutureClass.java:30)
	at sun.reflect.NativeMethodAccessorImpl.invoke0(Native Method)
	at sun.reflect.NativeMethodAccessorImpl.invoke(Unknown Source)
	at sun.reflect.DelegatingMethodAccessorImpl.invoke(Unknown Source)
	at java.lang.reflect.Method.invoke(Unknown Source)
	at org.testng.internal.MethodInvocationHelper.invokeMethod(MethodInvocationHelper.java:84)
	at org.testng.internal.Invoker.invokeMethod(Invoker.java:714)
	at org.testng.internal.Invoker.invokeTestMethod(Invoker.java:901)
	at org.testng.internal.Invoker.invokeTestMethods(Invoker.java:1231)
	at org.testng.internal.TestMethodWorker.invokeTestMethods(TestMethodWorker.java:127)
	at org.testng.internal.TestMethodWorker.run(TestMethodWorker.java:111)
	at org.testng.TestRunner.privateRun(TestRunner.java:767)
	at org.testng.TestRunner.run(TestRunner.java:617)
	at org.testng.SuiteRunner.runTest(SuiteRunner.java:334)
	at org.testng.SuiteRunner.runSequentially(SuiteRunner.java:329)
	at org.testng.SuiteRunner.privateRun(SuiteRunner.java:291)
	at org.testng.SuiteRunner.run(SuiteRunner.java:240)
	at org.testng.SuiteRunnerWorker.runSuite(SuiteRunnerWorker.java:52)
	at org.testng.SuiteRunnerWorker.run(SuiteRunnerWorker.java:86)
	at org.testng.TestNG.runSuitesSequentially(TestNG.java:1224)
	at org.testng.TestNG.runSuitesLocally(TestNG.java:1149)
	at org.testng.TestNG.run(TestNG.java:1057)
	at org.testng.remote.RemoteTestNG.run(RemoteTestNG.java:111)
	at org.testng.remote.RemoteTestNG.initAndRun(RemoteTestNG.java:204)
	at org.testng.remote.RemoteTestNG.main(RemoteTestNG.java:175)
</pre></div></td>
<td>0</td>
<td>com.selenium.TestMethods.FutureClass@e61a90</td></tr>
</table><p>
<table width='100%' border='1' class='invocation-passed'>
<tr><td colspan='4' align='center'><b>PASSED TESTS</b></td></tr>
<tr><td><b>Test method</b></td>
<td width="30%"><b>Exception</b></td>
<td width="10%"><b>Time (seconds)</b></td>
<td><b>Instance</b></td>
</tr>
<tr>
<td title='com.selenium.TestMethods.WaitListFunction.addToWaitList1()'><b>addToWaitList1</b><br>Test class: com.selenium.TestMethods.WaitListFunction</td>
<td></td>
<td>24</td>
<td>com.selenium.TestMethods.WaitListFunction@1945a61</td></tr>
<tr>
<td title='com.selenium.TestMethods.WaitListFunction.addToWaitList2()'><b>addToWaitList2</b><br>Test class: com.selenium.TestMethods.WaitListFunction</td>
<td></td>
<td>15</td>
<td>com.selenium.TestMethods.WaitListFunction@1945a61</td></tr>
<tr>
<td title='com.selenium.TestMethods.AddFunction.calladd()'><b>calladd</b><br>Test class: com.selenium.TestMethods.AddFunction</td>
<td></td>
<td>85</td>
<td>com.selenium.TestMethods.AddFunction@12e827b</td></tr>
<tr>
<td title='com.selenium.TestMethods.DropFunction.dropStudent()'><b>dropStudent</b><br>Test class: com.selenium.TestMethods.DropFunction</td>
<td></td>
<td>20</td>
<td>com.selenium.TestMethods.DropFunction@f02081</td></tr>
<tr>
<td title='com.selenium.TestMethods.FutureClass.futureClass2()'><b>futureClass2</b><br>Test class: com.selenium.TestMethods.FutureClass</td>
<td></td>
<td>6</td>
<td>com.selenium.TestMethods.FutureClass@e61a90</td></tr>
<tr>
<td title='com.selenium.TestMethods.GradingFunction.gradeStudentAttended1()'><b>gradeStudentAttended1</b><br>Test class: com.selenium.TestMethods.GradingFunction</td>
<td></td>
<td>17</td>
<td>com.selenium.TestMethods.GradingFunction@787691</td></tr>
<tr>
<td title='com.selenium.TestMethods.GradingFunction.gradeStudentAttended2()'><b>gradeStudentAttended2</b><br>Test class: com.selenium.TestMethods.GradingFunction</td>
<td></td>
<td>17</td>
<td>com.selenium.TestMethods.GradingFunction@787691</td></tr>
<tr>
<td title='com.selenium.TestMethods.GradingFunction.gradeStudentAttended3()'><b>gradeStudentAttended3</b><br>Test class: com.selenium.TestMethods.GradingFunction</td>
<td></td>
<td>5</td>
<td>com.selenium.TestMethods.GradingFunction@787691</td></tr>
<tr>
<td title='com.selenium.TestMethods.PastClass.hiddenClass1()'><b>hiddenClass1</b><br>Test class: com.selenium.TestMethods.PastClass</td>
<td></td>
<td>158</td>
<td>com.selenium.TestMethods.PastClass@1392dd5</td></tr>
<tr>
<td title='com.selenium.TestMethods.PastClass.hiddenClass2()'><b>hiddenClass2</b><br>Test class: com.selenium.TestMethods.PastClass</td>
<td></td>
<td>18</td>
<td>com.selenium.TestMethods.PastClass@1392dd5</td></tr>
<tr>
<td title='com.selenium.TestMethods.SelectAffiliation.selectAffiliation()'><b>selectAffiliation</b><br>Test class: com.selenium.TestMethods.SelectAffiliation</td>
<td></td>
<td>37</td>
<td>com.selenium.TestMethods.SelectAffiliation@b5fb86</td></tr>
<tr>
<td title='com.selenium.TestMethods.SelectClass.selectClass()'><b>selectClass</b><br>Test class: com.selenium.TestMethods.SelectClass</td>
<td></td>
<td>76</td>
<td>com.selenium.TestMethods.SelectClass@d9ea8d</td></tr>
<tr>
<td title='com.selenium.TestMethods.LoginMethods.validate_first_time_successfullLogin()'><b>validate_first_time_successfullLogin</b><br>Test class: com.selenium.TestMethods.LoginMethods</td>
<td></td>
<td>35</td>
<td>com.selenium.TestMethods.LoginMethods@b03831</td></tr>
</table><p>
</body>
</html>