<?xml version="1.0" encoding="UTF-8"?>
<!-- Generated by org.testng.reporters.JUnitReportReporter -->
<testsuite hostname="kapil-VAIO" name="com.sele.TestMethods" tests="6" failures="1" timestamp="21 May 2014 14:47:11 GMT" time="190.184" errors="0">
  <testcase name="selectClass" time="8.818" classname="com.sele.TestMethods"/>
  <testcase name="launchFlip" time="10.849" classname="com.sele.TestMethods"/>
  <testcase name="markClassComplete" time="113.660" classname="com.sele.TestMethods">
    <failure type="org.openqa.selenium.NoSuchElementException" message="Element was not found.
io.selendroid.exceptions.NoSuchElementException: Element was not found.
	at io.selendroid.server.handler.FindElement.handle(FindElement.java:57)
	at io.selendroid.server.AndroidServlet.handleRequest(AndroidServlet.java:286)
	at io.selendroid.server.BaseServlet.handleHttpRequest(BaseServlet.java:70)
	at org.webbitserver.netty.NettyHttpControl.nextHandler(NettyHttpControl.java:78)
	at org.webbitserver.netty.NettyHttpControl.nextHandler(NettyHttpControl.java:62)
	at io.selendroid.server.inspector.InspectorServlet.handleHttpRequest(InspectorServlet.java:78)
	at org.webbitserver.netty.NettyHttpControl.nextHandler(NettyHttpControl.java:78)
	at org.webbitserver.netty.NettyHttpControl.nextHandler(NettyHttpControl.java:62)
	at org.webbitserver.handler.PathMatchHandler.handleHttpRequest(PathMatchHandler.java:33)
	at org.webbitserver.netty.NettyHttpControl.nextHandler(NettyHttpControl.java:78)
	at org.webbitserver.netty.NettyHttpControl.nextHandler(NettyHttpControl.java:62)
	at org.webbitserver.handler.DateHeaderHandler.handleHttpRequest(DateHeaderHandler.java:21)
	at org.webbitserver.netty.NettyHttpControl.nextHandler(NettyHttpControl.java:78)
	at org.webbitserver.netty.NettyHttpControl.nextHandler(NettyHttpControl.java:62)
	at org.webbitserver.handler.ServerHeaderHandler.handleHttpRequest(ServerHeaderHandler.java:25)
	at org.webbitserver.netty.NettyHttpControl.nextHandler(NettyHttpControl.java:78)
	at org.webbitserver.netty.NettyHttpControl.nextHandler(NettyHttpControl.java:67)
	at org.webbitserver.netty.NettyHttpChannelHandler$2.run(NettyHttpChannelHandler.java:72)
	at java.util.concurrent.ThreadPoolExecutor.runWorker(ThreadPoolExecutor.java:1112)
	at java.util.concurrent.ThreadPoolExecutor$Worker.run(ThreadPoolExecutor.java:587)
	at java.lang.Thread.run(Thread.java:841)

Command duration or timeout: 60.28 seconds
For documentation on this error, please visit: http://seleniumhq.org/exceptions/no_such_element.html
Build info: version: &#039;2.41.0&#039;, revision: &#039;3192d8a6c4449dc285928ba024779344f5423c58&#039;, time: &#039;2014-03-27 11:29:39&#039;
System info: host: &#039;kapil-VAIO&#039;, ip: &#039;10.100.100.164&#039;, os.name: &#039;Windows 7&#039;, os.arch: &#039;x86&#039;, os.version: &#039;6.1&#039;, java.version: &#039;1.7.0_04&#039;
Session ID: bd179bfa-d37d-28c7-3a1e-199725abbfef
Driver info: io.selendroid.SelendroidDriver
Capabilities [{automationName=selendroid, platformVersion=19, platform=ANDROID, acceptSslCerts=true, javascriptEnabled=true, platformName=android, handlesAlerts=true, browserName=selendroid, rotatable=true, takesScreenshot=true, version=0.9.0}]">
      <![CDATA[org.openqa.selenium.NoSuchElementException: Element was not found.
io.selendroid.exceptions.NoSuchElementException: Element was not found.
	at io.selendroid.server.handler.FindElement.handle(FindElement.java:57)
	at io.selendroid.server.AndroidServlet.handleRequest(AndroidServlet.java:286)
	at io.selendroid.server.BaseServlet.handleHttpRequest(BaseServlet.java:70)
	at org.webbitserver.netty.NettyHttpControl.nextHandler(NettyHttpControl.java:78)
	at org.webbitserver.netty.NettyHttpControl.nextHandler(NettyHttpControl.java:62)
	at io.selendroid.server.inspector.InspectorServlet.handleHttpRequest(InspectorServlet.java:78)
	at org.webbitserver.netty.NettyHttpControl.nextHandler(NettyHttpControl.java:78)
	at org.webbitserver.netty.NettyHttpControl.nextHandler(NettyHttpControl.java:62)
	at org.webbitserver.handler.PathMatchHandler.handleHttpRequest(PathMatchHandler.java:33)
	at org.webbitserver.netty.NettyHttpControl.nextHandler(NettyHttpControl.java:78)
	at org.webbitserver.netty.NettyHttpControl.nextHandler(NettyHttpControl.java:62)
	at org.webbitserver.handler.DateHeaderHandler.handleHttpRequest(DateHeaderHandler.java:21)
	at org.webbitserver.netty.NettyHttpControl.nextHandler(NettyHttpControl.java:78)
	at org.webbitserver.netty.NettyHttpControl.nextHandler(NettyHttpControl.java:62)
	at org.webbitserver.handler.ServerHeaderHandler.handleHttpRequest(ServerHeaderHandler.java:25)
	at org.webbitserver.netty.NettyHttpControl.nextHandler(NettyHttpControl.java:78)
	at org.webbitserver.netty.NettyHttpControl.nextHandler(NettyHttpControl.java:67)
	at org.webbitserver.netty.NettyHttpChannelHandler$2.run(NettyHttpChannelHandler.java:72)
	at java.util.concurrent.ThreadPoolExecutor.runWorker(ThreadPoolExecutor.java:1112)
	at java.util.concurrent.ThreadPoolExecutor$Worker.run(ThreadPoolExecutor.java:587)
	at java.lang.Thread.run(Thread.java:841)

Command duration or timeout: 60.28 seconds
For documentation on this error, please visit: http://seleniumhq.org/exceptions/no_such_element.html
Build info: version: '2.41.0', revision: '3192d8a6c4449dc285928ba024779344f5423c58', time: '2014-03-27 11:29:39'
System info: host: 'kapil-VAIO', ip: '10.100.100.164', os.name: 'Windows 7', os.arch: 'x86', os.version: '6.1', java.version: '1.7.0_04'
Session ID: bd179bfa-d37d-28c7-3a1e-199725abbfef
Driver info: io.selendroid.SelendroidDriver
Capabilities [{automationName=selendroid, platformVersion=19, platform=ANDROID, acceptSslCerts=true, javascriptEnabled=true, platformName=android, handlesAlerts=true, browserName=selendroid, rotatable=true, takesScreenshot=true, version=0.9.0}]
	at sun.reflect.NativeConstructorAccessorImpl.newInstance0(Native Method)
	at sun.reflect.NativeConstructorAccessorImpl.newInstance(Unknown Source)
	at sun.reflect.DelegatingConstructorAccessorImpl.newInstance(Unknown Source)
	at java.lang.reflect.Constructor.newInstance(Unknown Source)
	at org.openqa.selenium.remote.ErrorHandler.createThrowable(ErrorHandler.java:193)
	at org.openqa.selenium.remote.ErrorHandler.throwIfResponseFailed(ErrorHandler.java:145)
	at org.openqa.selenium.remote.RemoteWebDriver.execute(RemoteWebDriver.java:595)
	at org.openqa.selenium.remote.RemoteWebDriver.findElement(RemoteWebDriver.java:348)
	at org.openqa.selenium.remote.RemoteWebDriver.findElementByXPath(RemoteWebDriver.java:445)
	at org.openqa.selenium.By$ByXPath.findElement(By.java:357)
	at org.openqa.selenium.remote.RemoteWebDriver.findElement(RemoteWebDriver.java:340)
	at com.sele.TestMethods.markClassComplete(TestMethods.java:473)
	at sun.reflect.NativeMethodAccessorImpl.invoke0(Native Method)
	at sun.reflect.NativeMethodAccessorImpl.invoke(Unknown Source)
	at sun.reflect.DelegatingMethodAccessorImpl.invoke(Unknown Source)
	at java.lang.reflect.Method.invoke(Unknown Source)
	at org.testng.internal.MethodInvocationHelper.invokeMethod(MethodInvocationHelper.java:84)
	at org.testng.internal.Invoker.invokeMethod(Invoker.java:714)
	at org.testng.internal.Invoker.invokeTestMethod(Invoker.java:901)
	at org.testng.internal.Invoker.invokeTestMethods(Invoker.java:1231)
	at org.testng.internal.TestMethodWorker.invokeTestMethods(TestMethodWorker.java:127)
	at org.testng.internal.TestMethodWorker.run(TestMethodWorker.java:111)
	at org.testng.TestRunner.privateRun(TestRunner.java:767)
	at org.testng.TestRunner.run(TestRunner.java:617)
	at org.testng.SuiteRunner.runTest(SuiteRunner.java:334)
	at org.testng.SuiteRunner.runSequentially(SuiteRunner.java:329)
	at org.testng.SuiteRunner.privateRun(SuiteRunner.java:291)
	at org.testng.SuiteRunner.run(SuiteRunner.java:240)
	at org.testng.SuiteRunnerWorker.runSuite(SuiteRunnerWorker.java:52)
	at org.testng.SuiteRunnerWorker.run(SuiteRunnerWorker.java:86)
	at org.testng.TestNG.runSuitesSequentially(TestNG.java:1224)
	at org.testng.TestNG.runSuitesLocally(TestNG.java:1149)
	at org.testng.TestNG.run(TestNG.java:1057)
	at org.testng.remote.RemoteTestNG.run(RemoteTestNG.java:111)
	at org.testng.remote.RemoteTestNG.initAndRun(RemoteTestNG.java:204)
	at org.testng.remote.RemoteTestNG.main(RemoteTestNG.java:175)
Caused by: io.selendroid.exceptions.NoSuchElementException: Element was not found.
io.selendroid.exceptions.NoSuchElementException: Element was not found.
	at io.selendroid.server.handler.FindElement.handle(FindElement.java:57)
	at io.selendroid.server.AndroidServlet.handleRequest(AndroidServlet.java:286)
	at io.selendroid.server.BaseServlet.handleHttpRequest(BaseServlet.java:70)
	at org.webbitserver.netty.NettyHttpControl.nextHandler(NettyHttpControl.java:78)
	at org.webbitserver.netty.NettyHttpControl.nextHandler(NettyHttpControl.java:62)
	at io.selendroid.server.inspector.InspectorServlet.handleHttpRequest(InspectorServlet.java:78)
	at org.webbitserver.netty.NettyHttpControl.nextHandler(NettyHttpControl.java:78)
	at org.webbitserver.netty.NettyHttpControl.nextHandler(NettyHttpControl.java:62)
	at org.webbitserver.handler.PathMatchHandler.handleHttpRequest(PathMatchHandler.java:33)
	at org.webbitserver.netty.NettyHttpControl.nextHandler(NettyHttpControl.java:78)
	at org.webbitserver.netty.NettyHttpControl.nextHandler(NettyHttpControl.java:62)
	at org.webbitserver.handler.DateHeaderHandler.handleHttpRequest(DateHeaderHandler.java:21)
	at org.webbitserver.netty.NettyHttpControl.nextHandler(NettyHttpControl.java:78)
	at org.webbitserver.netty.NettyHttpControl.nextHandler(NettyHttpControl.java:62)
	at org.webbitserver.handler.ServerHeaderHandler.handleHttpRequest(ServerHeaderHandler.java:25)
	at org.webbitserver.netty.NettyHttpControl.nextHandler(NettyHttpControl.java:78)
	at org.webbitserver.netty.NettyHttpControl.nextHandler(NettyHttpControl.java:67)
	at org.webbitserver.netty.NettyHttpChannelHandler$2.run(NettyHttpChannelHandler.java:72)
	at java.util.concurrent.ThreadPoolExecutor.runWorker(ThreadPoolExecutor.java:1112)
	at java.util.concurrent.ThreadPoolExecutor$Worker.run(ThreadPoolExecutor.java:587)
	at java.lang.Thread.run(Thread.java:841)

]]>
    </failure>
  </testcase> <!-- markClassComplete -->
  <testcase name="selectAffiliation" time="11.242" classname="com.sele.TestMethods"/>
  <testcase name="validate_first_time_successfullLogin" time="36.578" classname="com.sele.TestMethods"/>
  <testcase name="startSelendroidServer" time="9.037" classname="com.sele.TestMethods"/>
</testsuite> <!-- com.sele.TestMethods -->
